<?xml version="1.0" encoding="UTF-8"?>
<!-- Generated by org.testng.reporters.JUnitReportReporter -->
<testsuite hostname="DESKTOP-INTDDEM" failures="0" tests="1" name="com.nop_Commerce.testcases.LoginPageTest" time="4.621" errors="0" timestamp="2022-11-28T14:37:09 NPT" skipped="0">
  <testcase classname="com.nop_Commerce.testcases.LoginPageTest" name="userCanLoginSuccessfully" time="4.621"/>
  <system-out/>
</testsuite> <!-- com.nop_Commerce.testcases.LoginPageTest -->
